Error: inputs 0400 * 0400 + 8600
  result = 8600 (85ff expected) flags = 0000 (0001 expected)
Error: inputs 0400 * 0400 + 8401
  result = 8401 (8400 expected) flags = 0000 (0001 expected)
Error: inputs 0400 * 0400 + 87ff
  result = 87ff (87fe expected) flags = 0000 (0001 expected)
Error: inputs 0400 * 0400 + b800
  result = b800 (b7ff expected) flags = 0000 (0001 expected)
Error: inputs 0400 * 0400 + ba00
  result = ba00 (b9ff expected) flags = 0000 (0001 expected)
Error: inputs 0400 * 0400 + b801
  result = b801 (b800 expected) flags = 0000 (0001 expected)
Error: inputs 0400 * 0400 + bbff
  result = bbff (bbfe expected) flags = 0000 (0001 expected)
Error: inputs 0400 * 0400 + bc00
  result = bc00 (bbff expected) flags = 0000 (0001 expected)
Error: inputs 0400 * 0400 + be00
  result = be00 (bdff expected) flags = 0000 (0001 expected)
Error: inputs 0400 * 0400 + bc01
  result = bc01 (bc00 expected) flags = 0000 (0001 expected)
Error: inputs 0400 * 0400 + bfff
  result = bfff (bffe expected) flags = 0000 (0001 expected)
Error: inputs 0400 * 0400 + c000
  result = c000 (bfff expected) flags = 0000 (0001 expected)
Error: inputs 0400 * 0400 + c200
  result = c200 (c1ff expected) flags = 0000 (0001 expected)
Error: inputs 0400 * 0400 + c001
  result = c001 (c000 expected) flags = 0000 (0001 expected)
Error: inputs 0400 * 0400 + c3ff
  result = c3ff (c3fe expected) flags = 0000 (0001 expected)
Error: inputs 0400 * 0400 + d000
  result = d000 (cfff expected) flags = 0000 (0001 expected)
Error: inputs 0400 * 0400 + d200
  result = d200 (d1ff expected) flags = 0000 (0001 expected)
Error: inputs 0400 * 0400 + d001
  result = d001 (d000 expected) flags = 0000 (0001 expected)
Error: inputs 0400 * 0400 + d3ff
  result = d3ff (d3fe expected) flags = 0000 (0001 expected)
Error: inputs 0400 * 0400 + f800
  result = f800 (f7ff expected) flags = 0000 (0001 expected)
Error: inputs 0400 * 0400 + fa00
  result = fa00 (f9ff expected) flags = 0000 (0001 expected)
Error: inputs 0400 * 0400 + f801
  result = f801 (f800 expected) flags = 0000 (0001 expected)
Error: inputs 0400 * 0400 + fbff
  result = fbff (fbfe expected) flags = 0000 (0001 expected)
Error: inputs 0400 * 0600 + 8600
  result = 8600 (85ff expected) flags = 0000 (0001 expected)
Error: inputs 0400 * 0600 + 8401
  result = 8401 (8400 expected) flags = 0000 (0001 expected)
Error: inputs 0400 * 0600 + 87ff
  result = 87ff (87fe expected) flags = 0000 (0001 expected)
Error: inputs 0400 * 0600 + b800
  result = b800 (b7ff expected) flags = 0000 (0001 expected)
Error: inputs 0400 * 0600 + ba00
  result = ba00 (b9ff expected) flags = 0000 (0001 expected)
Error: inputs 0400 * 0600 + b801
  result = b801 (b800 expected) flags = 0000 (0001 expected)
Error: inputs 0400 * 0600 + bbff
  result = bbff (bbfe expected) flags = 0000 (0001 expected)
Error: inputs 0400 * 0600 + bc00
  result = bc00 (bbff expected) flags = 0000 (0001 expected)
Error: inputs 0400 * 0600 + be00
  result = be00 (bdff expected) flags = 0000 (0001 expected)
Error: inputs 0400 * 0600 + bc01
  result = bc01 (bc00 expected) flags = 0000 (0001 expected)
Error: inputs 0400 * 0600 + bfff
  result = bfff (bffe expected) flags = 0000 (0001 expected)
Error: inputs 0400 * 0600 + c000
  result = c000 (bfff expected) flags = 0000 (0001 expected)
Error: inputs 0400 * 0600 + c200
  result = c200 (c1ff expected) flags = 0000 (0001 expected)
Error: inputs 0400 * 0600 + c001
  result = c001 (c000 expected) flags = 0000 (0001 expected)
Error: inputs 0400 * 0600 + c3ff
  result = c3ff (c3fe expected) flags = 0000 (0001 expected)
Error: inputs 0400 * 0600 + d000
  result = d000 (cfff expected) flags = 0000 (0001 expected)
Error: inputs 0400 * 0600 + d200
  result = d200 (d1ff expected) flags = 0000 (0001 expected)
Error: inputs 0400 * 0600 + d001
  result = d001 (d000 expected) flags = 0000 (0001 expected)
Error: inputs 0400 * 0600 + d3ff
  result = d3ff (d3fe expected) flags = 0000 (0001 expected)
Error: inputs 0400 * 0600 + f800
  result = f800 (f7ff expected) flags = 0000 (0001 expected)
Error: inputs 0400 * 0600 + fa00
  result = fa00 (f9ff expected) flags = 0000 (0001 expected)
Error: inputs 0400 * 0600 + f801
  result = f801 (f800 expected) flags = 0000 (0001 expected)
Error: inputs 0400 * 0600 + fbff
  result = fbff (fbfe expected) flags = 0000 (0001 expected)
Error: inputs 0400 * 0401 + 8600
  result = 8600 (85ff expected) flags = 0000 (0001 expected)
Error: inputs 0400 * 0401 + 8401
  result = 8401 (8400 expected) flags = 0000 (0001 expected)
Error: inputs 0400 * 0401 + 87ff
  result = 87ff (87fe expected) flags = 0000 (0001 expected)
Error: inputs 0400 * 0401 + b800
  result = b800 (b7ff expected) flags = 0000 (0001 expected)
Error: inputs 0400 * 0401 + ba00
  result = ba00 (b9ff expected) flags = 0000 (0001 expected)
Error: inputs 0400 * 0401 + b801
  result = b801 (b800 expected) flags = 0000 (0001 expected)
Error: inputs 0400 * 0401 + bbff
  result = bbff (bbfe expected) flags = 0000 (0001 expected)
Error: inputs 0400 * 0401 + bc00
  result = bc00 (bbff expected) flags = 0000 (0001 expected)
Error: inputs 0400 * 0401 + be00
  result = be00 (bdff expected) flags = 0000 (0001 expected)
Error: inputs 0400 * 0401 + bc01
  result = bc01 (bc00 expected) flags = 0000 (0001 expected)
Error: inputs 0400 * 0401 + bfff
  result = bfff (bffe expected) flags = 0000 (0001 expected)
Error: inputs 0400 * 0401 + c000
  result = c000 (bfff expected) flags = 0000 (0001 expected)
Error: inputs 0400 * 0401 + c200
  result = c200 (c1ff expected) flags = 0000 (0001 expected)
Error: inputs 0400 * 0401 + c001
  result = c001 (c000 expected) flags = 0000 (0001 expected)
Error: inputs 0400 * 0401 + c3ff
  result = c3ff (c3fe expected) flags = 0000 (0001 expected)
Error: inputs 0400 * 0401 + d000
  result = d000 (cfff expected) flags = 0000 (0001 expected)
Error: inputs 0400 * 0401 + d200
  result = d200 (d1ff expected) flags = 0000 (0001 expected)
Error: inputs 0400 * 0401 + d001
  result = d001 (d000 expected) flags = 0000 (0001 expected)
Error: inputs 0400 * 0401 + d3ff
  result = d3ff (d3fe expected) flags = 0000 (0001 expected)
Error: inputs 0400 * 0401 + f800
  result = f800 (f7ff expected) flags = 0000 (0001 expected)
Error: inputs 0400 * 0401 + fa00
  result = fa00 (f9ff expected) flags = 0000 (0001 expected)
Error: inputs 0400 * 0401 + f801
  result = f801 (f800 expected) flags = 0000 (0001 expected)
Error: inputs 0400 * 0401 + fbff
  result = fbff (fbfe expected) flags = 0000 (0001 expected)
Error: inputs 0400 * 07ff + 8600
  result = 8600 (85ff expected) flags = 0000 (0001 expected)
Error: inputs 0400 * 07ff + 8401
  result = 8401 (8400 expected) flags = 0000 (0001 expected)
Error: inputs 0400 * 07ff + 87ff
  result = 87ff (87fe expected) flags = 0000 (0001 expected)
Error: inputs 0400 * 07ff + b800
  result = b800 (b7ff expected) flags = 0000 (0001 expected)
Error: inputs 0400 * 07ff + ba00
  result = ba00 (b9ff expected) flags = 0000 (0001 expected)
Error: inputs 0400 * 07ff + b801
  result = b801 (b800 expected) flags = 0000 (0001 expected)
Error: inputs 0400 * 07ff + bbff
  result = bbff (bbfe expected) flags = 0000 (0001 expected)
Error: inputs 0400 * 07ff + bc00
  result = bc00 (bbff expected) flags = 0000 (0001 expected)
Error: inputs 0400 * 07ff + be00
  result = be00 (bdff expected) flags = 0000 (0001 expected)
Error: inputs 0400 * 07ff + bc01
  result = bc01 (bc00 expected) flags = 0000 (0001 expected)
Error: inputs 0400 * 07ff + bfff
  result = bfff (bffe expected) flags = 0000 (0001 expected)
Error: inputs 0400 * 07ff + c000
  result = c000 (bfff expected) flags = 0000 (0001 expected)
Error: inputs 0400 * 07ff + c200
  result = c200 (c1ff expected) flags = 0000 (0001 expected)
Error: inputs 0400 * 07ff + c001
  result = c001 (c000 expected) flags = 0000 (0001 expected)
Error: inputs 0400 * 07ff + c3ff
  result = c3ff (c3fe expected) flags = 0000 (0001 expected)
Error: inputs 0400 * 07ff + d000
  result = d000 (cfff expected) flags = 0000 (0001 expected)
Error: inputs 0400 * 07ff + d200
  result = d200 (d1ff expected) flags = 0000 (0001 expected)
Error: inputs 0400 * 07ff + d001
  result = d001 (d000 expected) flags = 0000 (0001 expected)
Error: inputs 0400 * 07ff + d3ff
  result = d3ff (d3fe expected) flags = 0000 (0001 expected)
Error: inputs 0400 * 07ff + f800
  result = f800 (f7ff expected) flags = 0000 (0001 expected)
Error: inputs 0400 * 07ff + fa00
  result = fa00 (f9ff expected) flags = 0000 (0001 expected)
Error: inputs 0400 * 07ff + f801
  result = f801 (f800 expected) flags = 0000 (0001 expected)
Error: inputs 0400 * 07ff + fbff
  result = fbff (fbfe expected) flags = 0000 (0001 expected)
Error: inputs 0600 * 0400 + 8600
  result = 8600 (85ff expected) flags = 0000 (0001 expected)
Error: inputs 0600 * 0400 + 8401
  result = 8401 (8400 expected) flags = 0000 (0001 expected)
Error: inputs 0600 * 0400 + 87ff
  result = 87ff (87fe expected) flags = 0000 (0001 expected)
Error: inputs 0600 * 0400 + b800
  result = b800 (b7ff expected) flags = 0000 (0001 expected)
Error: inputs 0600 * 0400 + ba00
  result = ba00 (b9ff expected) flags = 0000 (0001 expected)
Error: inputs 0600 * 0400 + b801
  result = b801 (b800 expected) flags = 0000 (0001 expected)
Error: inputs 0600 * 0400 + bbff
  result = bbff (bbfe expected) flags = 0000 (0001 expected)
Error: inputs 0600 * 0400 + bc00
  result = bc00 (bbff expected) flags = 0000 (0001 expected)
Error: inputs 0600 * 0400 + be00
  result = be00 (bdff expected) flags = 0000 (0001 expected)
Error: inputs 0600 * 0400 + bc01
  result = bc01 (bc00 expected) flags = 0000 (0001 expected)
Error: inputs 0600 * 0400 + bfff
  result = bfff (bffe expected) flags = 0000 (0001 expected)
Error: inputs 0600 * 0400 + c000
  result = c000 (bfff expected) flags = 0000 (0001 expected)
Error: inputs 0600 * 0400 + c200
  result = c200 (c1ff expected) flags = 0000 (0001 expected)
Error: inputs 0600 * 0400 + c001
  result = c001 (c000 expected) flags = 0000 (0001 expected)
Error: inputs 0600 * 0400 + c3ff
  result = c3ff (c3fe expected) flags = 0000 (0001 expected)
Error: inputs 0600 * 0400 + d000
  result = d000 (cfff expected) flags = 0000 (0001 expected)
Error: inputs 0600 * 0400 + d200
  result = d200 (d1ff expected) flags = 0000 (0001 expected)
Error: inputs 0600 * 0400 + d001
  result = d001 (d000 expected) flags = 0000 (0001 expected)
Error: inputs 0600 * 0400 + d3ff
  result = d3ff (d3fe expected) flags = 0000 (0001 expected)
Error: inputs 0600 * 0400 + f800
  result = f800 (f7ff expected) flags = 0000 (0001 expected)
Error: inputs 0600 * 0400 + fa00
  result = fa00 (f9ff expected) flags = 0000 (0001 expected)
Error: inputs 0600 * 0400 + f801
  result = f801 (f800 expected) flags = 0000 (0001 expected)
Error: inputs 0600 * 0400 + fbff
  result = fbff (fbfe expected) flags = 0000 (0001 expected)
Error: inputs 0600 * 0600 + 8600
  result = 8600 (85ff expected) flags = 0000 (0001 expected)
Error: inputs 0600 * 0600 + 8401
  result = 8401 (8400 expected) flags = 0000 (0001 expected)
Error: inputs 0600 * 0600 + 87ff
  result = 87ff (87fe expected) flags = 0000 (0001 expected)
Error: inputs 0600 * 0600 + b800
  result = b800 (b7ff expected) flags = 0000 (0001 expected)
Error: inputs 0600 * 0600 + ba00
  result = ba00 (b9ff expected) flags = 0000 (0001 expected)
Error: inputs 0600 * 0600 + b801
  result = b801 (b800 expected) flags = 0000 (0001 expected)
Error: inputs 0600 * 0600 + bbff
  result = bbff (bbfe expected) flags = 0000 (0001 expected)
Error: inputs 0600 * 0600 + bc00
  result = bc00 (bbff expected) flags = 0000 (0001 expected)
Error: inputs 0600 * 0600 + be00
  result = be00 (bdff expected) flags = 0000 (0001 expected)
Error: inputs 0600 * 0600 + bc01
  result = bc01 (bc00 expected) flags = 0000 (0001 expected)
Error: inputs 0600 * 0600 + bfff
  result = bfff (bffe expected) flags = 0000 (0001 expected)
Error: inputs 0600 * 0600 + c000
  result = c000 (bfff expected) flags = 0000 (0001 expected)
Error: inputs 0600 * 0600 + c200
  result = c200 (c1ff expected) flags = 0000 (0001 expected)
Error: inputs 0600 * 0600 + c001
  result = c001 (c000 expected) flags = 0000 (0001 expected)
Error: inputs 0600 * 0600 + c3ff
  result = c3ff (c3fe expected) flags = 0000 (0001 expected)
Error: inputs 0600 * 0600 + d000
  result = d000 (cfff expected) flags = 0000 (0001 expected)
Error: inputs 0600 * 0600 + d200
  result = d200 (d1ff expected) flags = 0000 (0001 expected)
Error: inputs 0600 * 0600 + d001
  result = d001 (d000 expected) flags = 0000 (0001 expected)
Error: inputs 0600 * 0600 + d3ff
  result = d3ff (d3fe expected) flags = 0000 (0001 expected)
Error: inputs 0600 * 0600 + f800
  result = f800 (f7ff expected) flags = 0000 (0001 expected)
Error: inputs 0600 * 0600 + fa00
  result = fa00 (f9ff expected) flags = 0000 (0001 expected)
Error: inputs 0600 * 0600 + f801
  result = f801 (f800 expected) flags = 0000 (0001 expected)
Error: inputs 0600 * 0600 + fbff
  result = fbff (fbfe expected) flags = 0000 (0001 expected)
Error: inputs 0600 * 0401 + 8600
  result = 8600 (85ff expected) flags = 0000 (0001 expected)
Error: inputs 0600 * 0401 + 8401
  result = 8401 (8400 expected) flags = 0000 (0001 expected)
Error: inputs 0600 * 0401 + 87ff
  result = 87ff (87fe expected) flags = 0000 (0001 expected)
Error: inputs 0600 * 0401 + b800
  result = b800 (b7ff expected) flags = 0000 (0001 expected)
Error: inputs 0600 * 0401 + ba00
  result = ba00 (b9ff expected) flags = 0000 (0001 expected)
Error: inputs 0600 * 0401 + b801
  result = b801 (b800 expected) flags = 0000 (0001 expected)
Error: inputs 0600 * 0401 + bbff
  result = bbff (bbfe expected) flags = 0000 (0001 expected)
Error: inputs 0600 * 0401 + bc00
  result = bc00 (bbff expected) flags = 0000 (0001 expected)
Error: inputs 0600 * 0401 + be00
  result = be00 (bdff expected) flags = 0000 (0001 expected)
Error: inputs 0600 * 0401 + bc01
  result = bc01 (bc00 expected) flags = 0000 (0001 expected)
Error: inputs 0600 * 0401 + bfff
  result = bfff (bffe expected) flags = 0000 (0001 expected)
Error: inputs 0600 * 0401 + c000
  result = c000 (bfff expected) flags = 0000 (0001 expected)
Error: inputs 0600 * 0401 + c200
  result = c200 (c1ff expected) flags = 0000 (0001 expected)
Error: inputs 0600 * 0401 + c001
  result = c001 (c000 expected) flags = 0000 (0001 expected)
Error: inputs 0600 * 0401 + c3ff
  result = c3ff (c3fe expected) flags = 0000 (0001 expected)
Error: inputs 0600 * 0401 + d000
  result = d000 (cfff expected) flags = 0000 (0001 expected)
Error: inputs 0600 * 0401 + d200
  result = d200 (d1ff expected) flags = 0000 (0001 expected)
Error: inputs 0600 * 0401 + d001
  result = d001 (d000 expected) flags = 0000 (0001 expected)
Error: inputs 0600 * 0401 + d3ff
  result = d3ff (d3fe expected) flags = 0000 (0001 expected)
Error: inputs 0600 * 0401 + f800
  result = f800 (f7ff expected) flags = 0000 (0001 expected)
Error: inputs 0600 * 0401 + fa00
  result = fa00 (f9ff expected) flags = 0000 (0001 expected)
Error: inputs 0600 * 0401 + f801
  result = f801 (f800 expected) flags = 0000 (0001 expected)
Error: inputs 0600 * 0401 + fbff
  result = fbff (fbfe expected) flags = 0000 (0001 expected)
Error: inputs 0600 * 07ff + 8600
  result = 8600 (85ff expected) flags = 0000 (0001 expected)
Error: inputs 0600 * 07ff + 8401
  result = 8401 (8400 expected) flags = 0000 (0001 expected)
Error: inputs 0600 * 07ff + 87ff
  result = 87ff (87fe expected) flags = 0000 (0001 expected)
Error: inputs 0600 * 07ff + b800
  result = b800 (b7ff expected) flags = 0000 (0001 expected)
Error: inputs 0600 * 07ff + ba00
  result = ba00 (b9ff expected) flags = 0000 (0001 expected)
Error: inputs 0600 * 07ff + b801
  result = b801 (b800 expected) flags = 0000 (0001 expected)
Error: inputs 0600 * 07ff + bbff
  result = bbff (bbfe expected) flags = 0000 (0001 expected)
Error: inputs 0600 * 07ff + bc00
  result = bc00 (bbff expected) flags = 0000 (0001 expected)
Error: inputs 0600 * 07ff + be00
  result = be00 (bdff expected) flags = 0000 (0001 expected)
Error: inputs 0600 * 07ff + bc01
  result = bc01 (bc00 expected) flags = 0000 (0001 expected)
Error: inputs 0600 * 07ff + bfff
  result = bfff (bffe expected) flags = 0000 (0001 expected)
Error: inputs 0600 * 07ff + c000
  result = c000 (bfff expected) flags = 0000 (0001 expected)
Error: inputs 0600 * 07ff + c200
  result = c200 (c1ff expected) flags = 0000 (0001 expected)
Error: inputs 0600 * 07ff + c001
  result = c001 (c000 expected) flags = 0000 (0001 expected)
Error: inputs 0600 * 07ff + c3ff
  result = c3ff (c3fe expected) flags = 0000 (0001 expected)
Error: inputs 0600 * 07ff + d000
  result = d000 (cfff expected) flags = 0000 (0001 expected)
Error: inputs 0600 * 07ff + d200
  result = d200 (d1ff expected) flags = 0000 (0001 expected)
Error: inputs 0600 * 07ff + d001
  result = d001 (d000 expected) flags = 0000 (0001 expected)
Error: inputs 0600 * 07ff + d3ff
  result = d3ff (d3fe expected) flags = 0000 (0001 expected)
Error: inputs 0600 * 07ff + f800
  result = f800 (f7ff expected) flags = 0000 (0001 expected)
Error: inputs 0600 * 07ff + fa00
  result = fa00 (f9ff expected) flags = 0000 (0001 expected)
Error: inputs 0600 * 07ff + f801
  result = f801 (f800 expected) flags = 0000 (0001 expected)
Error: inputs 0600 * 07ff + fbff
  result = fbff (fbfe expected) flags = 0000 (0001 expected)
Error: inputs 0401 * 0400 + 8600
  result = 8600 (85ff expected) flags = 0000 (0001 expected)
Error: inputs 0401 * 0400 + 8401
  result = 8401 (8400 expected) flags = 0000 (0001 expected)
Error: inputs 0401 * 0400 + 87ff
  result = 87ff (87fe expected) flags = 0000 (0001 expected)
Error: inputs 0401 * 0400 + b800
  result = b800 (b7ff expected) flags = 0000 (0001 expected)
Error: inputs 0401 * 0400 + ba00
  result = ba00 (b9ff expected) flags = 0000 (0001 expected)
Error: inputs 0401 * 0400 + b801
  result = b801 (b800 expected) flags = 0000 (0001 expected)
Error: inputs 0401 * 0400 + bbff
  result = bbff (bbfe expected) flags = 0000 (0001 expected)
Error: inputs 0401 * 0400 + bc00
  result = bc00 (bbff expected) flags = 0000 (0001 expected)
Error: inputs 0401 * 0400 + be00
  result = be00 (bdff expected) flags = 0000 (0001 expected)
Error: inputs 0401 * 0400 + bc01
  result = bc01 (bc00 expected) flags = 0000 (0001 expected)
Error: inputs 0401 * 0400 + bfff
  result = bfff (bffe expected) flags = 0000 (0001 expected)
Error: inputs 0401 * 0400 + c000
  result = c000 (bfff expected) flags = 0000 (0001 expected)
Error: inputs 0401 * 0400 + c200
  result = c200 (c1ff expected) flags = 0000 (0001 expected)
Error: inputs 0401 * 0400 + c001
  result = c001 (c000 expected) flags = 0000 (0001 expected)
Error: inputs 0401 * 0400 + c3ff
  result = c3ff (c3fe expected) flags = 0000 (0001 expected)
Error: inputs 0401 * 0400 + d000
  result = d000 (cfff expected) flags = 0000 (0001 expected)
Error: inputs 0401 * 0400 + d200
  result = d200 (d1ff expected) flags = 0000 (0001 expected)
Error: inputs 0401 * 0400 + d001
  result = d001 (d000 expected) flags = 0000 (0001 expected)
Error: inputs 0401 * 0400 + d3ff
  result = d3ff (d3fe expected) flags = 0000 (0001 expected)
Error: inputs 0401 * 0400 + f800
  result = f800 (f7ff expected) flags = 0000 (0001 expected)
Error: inputs 0401 * 0400 + fa00
  result = fa00 (f9ff expected) flags = 0000 (0001 expected)
Error: inputs 0401 * 0400 + f801
  result = f801 (f800 expected) flags = 0000 (0001 expected)
Error: inputs 0401 * 0400 + fbff
  result = fbff (fbfe expected) flags = 0000 (0001 expected)
Error: inputs 0401 * 0600 + 8600
  result = 8600 (85ff expected) flags = 0000 (0001 expected)
Error: inputs 0401 * 0600 + 8401
  result = 8401 (8400 expected) flags = 0000 (0001 expected)
Error: inputs 0401 * 0600 + 87ff
  result = 87ff (87fe expected) flags = 0000 (0001 expected)
Error: inputs 0401 * 0600 + b800
  result = b800 (b7ff expected) flags = 0000 (0001 expected)
Error: inputs 0401 * 0600 + ba00
  result = ba00 (b9ff expected) flags = 0000 (0001 expected)
Error: inputs 0401 * 0600 + b801
  result = b801 (b800 expected) flags = 0000 (0001 expected)
Error: inputs 0401 * 0600 + bbff
  result = bbff (bbfe expected) flags = 0000 (0001 expected)
Error: inputs 0401 * 0600 + bc00
  result = bc00 (bbff expected) flags = 0000 (0001 expected)
Error: inputs 0401 * 0600 + be00
  result = be00 (bdff expected) flags = 0000 (0001 expected)
Error: inputs 0401 * 0600 + bc01
  result = bc01 (bc00 expected) flags = 0000 (0001 expected)
Error: inputs 0401 * 0600 + bfff
  result = bfff (bffe expected) flags = 0000 (0001 expected)
Error: inputs 0401 * 0600 + c000
  result = c000 (bfff expected) flags = 0000 (0001 expected)
Error: inputs 0401 * 0600 + c200
  result = c200 (c1ff expected) flags = 0000 (0001 expected)
Error: inputs 0401 * 0600 + c001
  result = c001 (c000 expected) flags = 0000 (0001 expected)
Error: inputs 0401 * 0600 + c3ff
  result = c3ff (c3fe expected) flags = 0000 (0001 expected)
Error: inputs 0401 * 0600 + d000
  result = d000 (cfff expected) flags = 0000 (0001 expected)
Error: inputs 0401 * 0600 + d200
  result = d200 (d1ff expected) flags = 0000 (0001 expected)
Error: inputs 0401 * 0600 + d001
  result = d001 (d000 expected) flags = 0000 (0001 expected)
Error: inputs 0401 * 0600 + d3ff
  result = d3ff (d3fe expected) flags = 0000 (0001 expected)
Error: inputs 0401 * 0600 + f800
  result = f800 (f7ff expected) flags = 0000 (0001 expected)
Error: inputs 0401 * 0600 + fa00
  result = fa00 (f9ff expected) flags = 0000 (0001 expected)
Error: inputs 0401 * 0600 + f801
  result = f801 (f800 expected) flags = 0000 (0001 expected)
Error: inputs 0401 * 0600 + fbff
  result = fbff (fbfe expected) flags = 0000 (0001 expected)
Error: inputs 0401 * 0401 + 8600
  result = 8600 (85ff expected) flags = 0000 (0001 expected)
Error: inputs 0401 * 0401 + 8401
  result = 8401 (8400 expected) flags = 0000 (0001 expected)
Error: inputs 0401 * 0401 + 87ff
  result = 87ff (87fe expected) flags = 0000 (0001 expected)
Error: inputs 0401 * 0401 + b800
  result = b800 (b7ff expected) flags = 0000 (0001 expected)
Error: inputs 0401 * 0401 + ba00
  result = ba00 (b9ff expected) flags = 0000 (0001 expected)
Error: inputs 0401 * 0401 + b801
  result = b801 (b800 expected) flags = 0000 (0001 expected)
Error: inputs 0401 * 0401 + bbff
  result = bbff (bbfe expected) flags = 0000 (0001 expected)
Error: inputs 0401 * 0401 + bc00
  result = bc00 (bbff expected) flags = 0000 (0001 expected)
Error: inputs 0401 * 0401 + be00
  result = be00 (bdff expected) flags = 0000 (0001 expected)
Error: inputs 0401 * 0401 + bc01
  result = bc01 (bc00 expected) flags = 0000 (0001 expected)
Error: inputs 0401 * 0401 + bfff
  result = bfff (bffe expected) flags = 0000 (0001 expected)
Error: inputs 0401 * 0401 + c000
  result = c000 (bfff expected) flags = 0000 (0001 expected)
Error: inputs 0401 * 0401 + c200
  result = c200 (c1ff expected) flags = 0000 (0001 expected)
Error: inputs 0401 * 0401 + c001
  result = c001 (c000 expected) flags = 0000 (0001 expected)
Error: inputs 0401 * 0401 + c3ff
  result = c3ff (c3fe expected) flags = 0000 (0001 expected)
Error: inputs 0401 * 0401 + d000
  result = d000 (cfff expected) flags = 0000 (0001 expected)
Error: inputs 0401 * 0401 + d200
  result = d200 (d1ff expected) flags = 0000 (0001 expected)
Error: inputs 0401 * 0401 + d001
  result = d001 (d000 expected) flags = 0000 (0001 expected)
Error: inputs 0401 * 0401 + d3ff
  result = d3ff (d3fe expected) flags = 0000 (0001 expected)
Error: inputs 0401 * 0401 + f800
  result = f800 (f7ff expected) flags = 0000 (0001 expected)
Error: inputs 0401 * 0401 + fa00
  result = fa00 (f9ff expected) flags = 0000 (0001 expected)
Error: inputs 0401 * 0401 + f801
  result = f801 (f800 expected) flags = 0000 (0001 expected)
Error: inputs 0401 * 0401 + fbff
  result = fbff (fbfe expected) flags = 0000 (0001 expected)
Error: inputs 0401 * 07ff + 8600
  result = 8600 (85ff expected) flags = 0000 (0001 expected)
Error: inputs 0401 * 07ff + 8401
  result = 8401 (8400 expected) flags = 0000 (0001 expected)
Error: inputs 0401 * 07ff + 87ff
  result = 87ff (87fe expected) flags = 0000 (0001 expected)
Error: inputs 0401 * 07ff + b800
  result = b800 (b7ff expected) flags = 0000 (0001 expected)
Error: inputs 0401 * 07ff + ba00
  result = ba00 (b9ff expected) flags = 0000 (0001 expected)
Error: inputs 0401 * 07ff + b801
  result = b801 (b800 expected) flags = 0000 (0001 expected)
Error: inputs 0401 * 07ff + bbff
  result = bbff (bbfe expected) flags = 0000 (0001 expected)
Error: inputs 0401 * 07ff + bc00
  result = bc00 (bbff expected) flags = 0000 (0001 expected)
Error: inputs 0401 * 07ff + be00
  result = be00 (bdff expected) flags = 0000 (0001 expected)
Error: inputs 0401 * 07ff + bc01
  result = bc01 (bc00 expected) flags = 0000 (0001 expected)
Error: inputs 0401 * 07ff + bfff
  result = bfff (bffe expected) flags = 0000 (0001 expected)
Error: inputs 0401 * 07ff + c000
  result = c000 (bfff expected) flags = 0000 (0001 expected)
Error: inputs 0401 * 07ff + c200
  result = c200 (c1ff expected) flags = 0000 (0001 expected)
Error: inputs 0401 * 07ff + c001
  result = c001 (c000 expected) flags = 0000 (0001 expected)
Error: inputs 0401 * 07ff + c3ff
  result = c3ff (c3fe expected) flags = 0000 (0001 expected)
Error: inputs 0401 * 07ff + d000
  result = d000 (cfff expected) flags = 0000 (0001 expected)
Error: inputs 0401 * 07ff + d200
  result = d200 (d1ff expected) flags = 0000 (0001 expected)
Error: inputs 0401 * 07ff + d001
  result = d001 (d000 expected) flags = 0000 (0001 expected)
Error: inputs 0401 * 07ff + d3ff
  result = d3ff (d3fe expected) flags = 0000 (0001 expected)
Error: inputs 0401 * 07ff + f800
  result = f800 (f7ff expected) flags = 0000 (0001 expected)
Error: inputs 0401 * 07ff + fa00
  result = fa00 (f9ff expected) flags = 0000 (0001 expected)
Error: inputs 0401 * 07ff + f801
  result = f801 (f800 expected) flags = 0000 (0001 expected)
Error: inputs 0401 * 07ff + fbff
  result = fbff (fbfe expected) flags = 0000 (0001 expected)
Error: inputs 0401 * 3801 + 87ff
  result = 85fe (85fd expected) flags = 0000 (0001 expected)
Error: inputs 0401 * 7801 + c200
  result = bbf8 (bbf7 expected) flags = 0000 (0001 expected)
Error: inputs 0401 * 7801 + c001
  result = 1800 (1801 expected) flags = 0000 (0000 expected)
Error: inputs 0401 * 7801 + c3ff
  result = bffa (bff9 expected) flags = 0000 (0001 expected)
Error: inputs 0401 * 7bff + c3ff
  result = 1b00 (1bff expected) flags = 0000 (0000 expected)
Error: inputs 07ff * 0400 + 8600
  result = 8600 (85ff expected) flags = 0000 (0001 expected)
Error: inputs 07ff * 0400 + 8401
  result = 8401 (8400 expected) flags = 0000 (0001 expected)
Error: inputs 07ff * 0400 + 87ff
  result = 87ff (87fe expected) flags = 0000 (0001 expected)
Error: inputs 07ff * 0400 + b800
  result = b800 (b7ff expected) flags = 0000 (0001 expected)
Error: inputs 07ff * 0400 + ba00
  result = ba00 (b9ff expected) flags = 0000 (0001 expected)
Error: inputs 07ff * 0400 + b801
  result = b801 (b800 expected) flags = 0000 (0001 expected)
Error: inputs 07ff * 0400 + bbff
  result = bbff (bbfe expected) flags = 0000 (0001 expected)
Error: inputs 07ff * 0400 + bc00
  result = bc00 (bbff expected) flags = 0000 (0001 expected)
Error: inputs 07ff * 0400 + be00
  result = be00 (bdff expected) flags = 0000 (0001 expected)
Error: inputs 07ff * 0400 + bc01
  result = bc01 (bc00 expected) flags = 0000 (0001 expected)
Error: inputs 07ff * 0400 + bfff
  result = bfff (bffe expected) flags = 0000 (0001 expected)
Error: inputs 07ff * 0400 + c000
  result = c000 (bfff expected) flags = 0000 (0001 expected)
Error: inputs 07ff * 0400 + c200
  result = c200 (c1ff expected) flags = 0000 (0001 expected)
Error: inputs 07ff * 0400 + c001
  result = c001 (c000 expected) flags = 0000 (0001 expected)
Error: inputs 07ff * 0400 + c3ff
  result = c3ff (c3fe expected) flags = 0000 (0001 expected)
Error: inputs 07ff * 0400 + d000
  result = d000 (cfff expected) flags = 0000 (0001 expected)
Error: inputs 07ff * 0400 + d200
  result = d200 (d1ff expected) flags = 0000 (0001 expected)
Error: inputs 07ff * 0400 + d001
  result = d001 (d000 expected) flags = 0000 (0001 expected)
Error: inputs 07ff * 0400 + d3ff
  result = d3ff (d3fe expected) flags = 0000 (0001 expected)
Error: inputs 07ff * 0400 + f800
  result = f800 (f7ff expected) flags = 0000 (0001 expected)
Error: inputs 07ff * 0400 + fa00
  result = fa00 (f9ff expected) flags = 0000 (0001 expected)
Error: inputs 07ff * 0400 + f801
  result = f801 (f800 expected) flags = 0000 (0001 expected)
Error: inputs 07ff * 0400 + fbff
  result = fbff (fbfe expected) flags = 0000 (0001 expected)
Error: inputs 07ff * 0600 + 8600
  result = 8600 (85ff expected) flags = 0000 (0001 expected)
Error: inputs 07ff * 0600 + 8401
  result = 8401 (8400 expected) flags = 0000 (0001 expected)
Error: inputs 07ff * 0600 + 87ff
  result = 87ff (87fe expected) flags = 0000 (0001 expected)
Error: inputs 07ff * 0600 + b800
  result = b800 (b7ff expected) flags = 0000 (0001 expected)
Error: inputs 07ff * 0600 + ba00
  result = ba00 (b9ff expected) flags = 0000 (0001 expected)
Error: inputs 07ff * 0600 + b801
  result = b801 (b800 expected) flags = 0000 (0001 expected)
Error: inputs 07ff * 0600 + bbff
  result = bbff (bbfe expected) flags = 0000 (0001 expected)
Error: inputs 07ff * 0600 + bc00
  result = bc00 (bbff expected) flags = 0000 (0001 expected)
Error: inputs 07ff * 0600 + be00
  result = be00 (bdff expected) flags = 0000 (0001 expected)
Error: inputs 07ff * 0600 + bc01
  result = bc01 (bc00 expected) flags = 0000 (0001 expected)
Error: inputs 07ff * 0600 + bfff
  result = bfff (bffe expected) flags = 0000 (0001 expected)
Error: inputs 07ff * 0600 + c000
  result = c000 (bfff expected) flags = 0000 (0001 expected)
Error: inputs 07ff * 0600 + c200
  result = c200 (c1ff expected) flags = 0000 (0001 expected)
Error: inputs 07ff * 0600 + c001
  result = c001 (c000 expected) flags = 0000 (0001 expected)
Error: inputs 07ff * 0600 + c3ff
  result = c3ff (c3fe expected) flags = 0000 (0001 expected)
Error: inputs 07ff * 0600 + d000
  result = d000 (cfff expected) flags = 0000 (0001 expected)
Error: inputs 07ff * 0600 + d200
  result = d200 (d1ff expected) flags = 0000 (0001 expected)
Error: inputs 07ff * 0600 + d001
  result = d001 (d000 expected) flags = 0000 (0001 expected)
Error: inputs 07ff * 0600 + d3ff
  result = d3ff (d3fe expected) flags = 0000 (0001 expected)
Error: inputs 07ff * 0600 + f800
  result = f800 (f7ff expected) flags = 0000 (0001 expected)
Error: inputs 07ff * 0600 + fa00
  result = fa00 (f9ff expected) flags = 0000 (0001 expected)
Error: inputs 07ff * 0600 + f801
  result = f801 (f800 expected) flags = 0000 (0001 expected)
Error: inputs 07ff * 0600 + fbff
  result = fbff (fbfe expected) flags = 0000 (0001 expected)
Error: inputs 07ff * 0401 + 8600
  result = 8600 (85ff expected) flags = 0000 (0001 expected)
Error: inputs 07ff * 0401 + 8401
  result = 8401 (8400 expected) flags = 0000 (0001 expected)
Error: inputs 07ff * 0401 + 87ff
  result = 87ff (87fe expected) flags = 0000 (0001 expected)
Error: inputs 07ff * 0401 + b800
  result = b800 (b7ff expected) flags = 0000 (0001 expected)
Error: inputs 07ff * 0401 + ba00
  result = ba00 (b9ff expected) flags = 0000 (0001 expected)
Error: inputs 07ff * 0401 + b801
  result = b801 (b800 expected) flags = 0000 (0001 expected)
Error: inputs 07ff * 0401 + bbff
  result = bbff (bbfe expected) flags = 0000 (0001 expected)
Error: inputs 07ff * 0401 + bc00
  result = bc00 (bbff expected) flags = 0000 (0001 expected)
Error: inputs 07ff * 0401 + be00
  result = be00 (bdff expected) flags = 0000 (0001 expected)
Error: inputs 07ff * 0401 + bc01
  result = bc01 (bc00 expected) flags = 0000 (0001 expected)
Error: inputs 07ff * 0401 + bfff
  result = bfff (bffe expected) flags = 0000 (0001 expected)
Error: inputs 07ff * 0401 + c000
  result = c000 (bfff expected) flags = 0000 (0001 expected)
Error: inputs 07ff * 0401 + c200
  result = c200 (c1ff expected) flags = 0000 (0001 expected)
Error: inputs 07ff * 0401 + c001
  result = c001 (c000 expected) flags = 0000 (0001 expected)
Error: inputs 07ff * 0401 + c3ff
  result = c3ff (c3fe expected) flags = 0000 (0001 expected)
Error: inputs 07ff * 0401 + d000
  result = d000 (cfff expected) flags = 0000 (0001 expected)
Error: inputs 07ff * 0401 + d200
  result = d200 (d1ff expected) flags = 0000 (0001 expected)
Error: inputs 07ff * 0401 + d001
  result = d001 (d000 expected) flags = 0000 (0001 expected)
Error: inputs 07ff * 0401 + d3ff
  result = d3ff (d3fe expected) flags = 0000 (0001 expected)
Error: inputs 07ff * 0401 + f800
  result = f800 (f7ff expected) flags = 0000 (0001 expected)
Error: inputs 07ff * 0401 + fa00
  result = fa00 (f9ff expected) flags = 0000 (0001 expected)
Error: inputs 07ff * 0401 + f801
  result = f801 (f800 expected) flags = 0000 (0001 expected)
Error: inputs 07ff * 0401 + fbff
  result = fbff (fbfe expected) flags = 0000 (0001 expected)
Error: inputs 07ff * 07ff + 8600
  result = 8600 (85ff expected) flags = 0000 (0001 expected)
Error: inputs 07ff * 07ff + 8401
  result = 8401 (8400 expected) flags = 0000 (0001 expected)
Error: inputs 07ff * 07ff + 87ff
  result = 87ff (87fe expected) flags = 0000 (0001 expected)
Error: inputs 07ff * 07ff + b800
  result = b800 (b7ff expected) flags = 0000 (0001 expected)
Error: inputs 07ff * 07ff + ba00
  result = ba00 (b9ff expected) flags = 0000 (0001 expected)
Error: inputs 07ff * 07ff + b801
  result = b801 (b800 expected) flags = 0000 (0001 expected)
Error: inputs 07ff * 07ff + bbff
  result = bbff (bbfe expected) flags = 0000 (0001 expected)
Error: inputs 07ff * 07ff + bc00
  result = bc00 (bbff expected) flags = 0000 (0001 expected)
Error: inputs 07ff * 07ff + be00
  result = be00 (bdff expected) flags = 0000 (0001 expected)
Error: inputs 07ff * 07ff + bc01
  result = bc01 (bc00 expected) flags = 0000 (0001 expected)
Error: inputs 07ff * 07ff + bfff
  result = bfff (bffe expected) flags = 0000 (0001 expected)
Error: inputs 07ff * 07ff + c000
  result = c000 (bfff expected) flags = 0000 (0001 expected)
Error: inputs 07ff * 07ff + c200
  result = c200 (c1ff expected) flags = 0000 (0001 expected)
Error: inputs 07ff * 07ff + c001
  result = c001 (c000 expected) flags = 0000 (0001 expected)
Error: inputs 07ff * 07ff + c3ff
  result = c3ff (c3fe expected) flags = 0000 (0001 expected)
Error: inputs 07ff * 07ff + d000
  result = d000 (cfff expected) flags = 0000 (0001 expected)
Error: inputs 07ff * 07ff + d200
  result = d200 (d1ff expected) flags = 0000 (0001 expected)
Error: inputs 07ff * 07ff + d001
  result = d001 (d000 expected) flags = 0000 (0001 expected)
Error: inputs 07ff * 07ff + d3ff
  result = d3ff (d3fe expected) flags = 0000 (0001 expected)
Error: inputs 07ff * 07ff + f800
  result = f800 (f7ff expected) flags = 0000 (0001 expected)
Error: inputs 07ff * 07ff + fa00
  result = fa00 (f9ff expected) flags = 0000 (0001 expected)
Error: inputs 07ff * 07ff + f801
  result = f801 (f800 expected) flags = 0000 (0001 expected)
Error: inputs 07ff * 07ff + fbff
  result = fbff (fbfe expected) flags = 0000 (0001 expected)
Error: inputs 07ff * 7801 + c3ff
  result = 1b00 (1bff expected) flags = 0000 (0000 expected)
Error: inputs 3801 * 0401 + 87ff
  result = 85fe (85fd expected) flags = 0000 (0001 expected)
Error: inputs 3801 * 3801 + b800
  result = b3fc (b3fb expected) flags = 0000 (0001 expected)
Error: inputs 3801 * 3801 + ba00
  result = b7fe (b7fd expected) flags = 0000 (0001 expected)
Error: inputs 3801 * 3801 + b801
  result = b400 (b3ff expected) flags = 0000 (0001 expected)
Error: inputs 3801 * 3801 + bbff
  result = b9fe (b9fd expected) flags = 0000 (0001 expected)
Error: inputs 3801 * 3801 + bc00
  result = b9ff (b9fe expected) flags = 0000 (0001 expected)
Error: inputs 3801 * 3801 + bc01
  result = ba01 (ba00 expected) flags = 0000 (0001 expected)
Error: inputs 3801 * 3bff + b800
  result = 0f00 (0bfe expected) flags = 0000 (0000 expected)
Error: inputs 3801 * 3bff + b801
  result = 8d00 (8c01 expected) flags = 0000 (0000 expected)
Error: inputs 3801 * 3c01 + ba00
  result = b3f8 (b3f7 expected) flags = 0000 (0001 expected)
Error: inputs 3801 * 3c01 + b801
  result = 1000 (1001 expected) flags = 0000 (0000 expected)
Error: inputs 3801 * 3c01 + bbff
  result = b7fa (b7f9 expected) flags = 0000 (0001 expected)
Error: inputs 3801 * 3c01 + bc00
  result = b7fc (b7fb expected) flags = 0000 (0001 expected)
Error: inputs 3801 * 3c01 + be00
  result = bbfe (bbfd expected) flags = 0000 (0001 expected)
Error: inputs 3801 * 3c01 + bc01
  result = b800 (b7ff expected) flags = 0000 (0001 expected)
Error: inputs 3801 * 3c01 + bfff
  result = bdfe (bdfd expected) flags = 0000 (0001 expected)
Error: inputs 3801 * 3c01 + c000
  result = bdff (bdfe expected) flags = 0000 (0001 expected)
Error: inputs 3801 * 3c01 + c001
  result = be01 (be00 expected) flags = 0000 (0001 expected)
Error: inputs 3801 * 3fff + bbff
  result = 1300 (13ff expected) flags = 0000 (0000 expected)
Error: inputs 3801 * 3fff + bc00
  result = 1300 (0ffe expected) flags = 0000 (0000 expected)
Error: inputs 3801 * 3fff + bc01
  result = 9100 (9001 expected) flags = 0000 (0000 expected)
Error: inputs 3801 * 4001 + be00
  result = b7f8 (b7f7 expected) flags = 0000 (0001 expected)
Error: inputs 3801 * 4001 + bc01
  result = 1400 (1401 expected) flags = 0000 (0000 expected)
Error: inputs 3801 * 4001 + bfff
  result = bbfa (bbf9 expected) flags = 0000 (0001 expected)
Error: inputs 3801 * 4001 + c000
  result = bbfc (bbfb expected) flags = 0000 (0001 expected)
Error: inputs 3801 * 4001 + c200
  result = bffe (bffd expected) flags = 0000 (0001 expected)
Error: inputs 3801 * 4001 + c001
  result = bc00 (bbff expected) flags = 0000 (0001 expected)
Error: inputs 3801 * 4001 + c3ff
  result = c1fe (c1fd expected) flags = 0000 (0001 expected)
Error: inputs 3801 * 43ff + bfff
  result = 1700 (17ff expected) flags = 0000 (0000 expected)
Error: inputs 3801 * 43ff + c000
  result = 1700 (13fe expected) flags = 0000 (0000 expected)
Error: inputs 3801 * 43ff + c001
  result = 9500 (9401 expected) flags = 0000 (0000 expected)
Error: inputs 3801 * 5001 + d000
  result = cbfc (cbfb expected) flags = 0000 (0001 expected)
Error: inputs 3801 * 5001 + d200
  result = cffe (cffd expected) flags = 0000 (0001 expected)
Error: inputs 3801 * 5001 + d001
  result = cc00 (cbff expected) flags = 0000 (0001 expected)
Error: inputs 3801 * 5001 + d3ff
  result = d1fe (d1fd expected) flags = 0000 (0001 expected)
Error: inputs 3801 * 53ff + d000
  result = 2700 (23fe expected) flags = 0000 (0000 expected)
Error: inputs 3801 * 53ff + d001
  result = a500 (a401 expected) flags = 0000 (0000 expected)
Error: inputs 3801 * 7801 + 8400
  result = 7401 (7402 expected) flags = 0001 (0001 expected)
Error: inputs 3801 * 7801 + 8600
  result = 7401 (7402 expected) flags = 0001 (0001 expected)
Error: inputs 3801 * 7801 + 8401
  result = 7401 (7402 expected) flags = 0001 (0001 expected)
Error: inputs 3801 * 7801 + 87ff
  result = 7401 (7402 expected) flags = 0001 (0001 expected)
Error: inputs 3801 * 7801 + f800
  result = f3fc (f3fb expected) flags = 0000 (0001 expected)
Error: inputs 3801 * 7801 + fa00
  result = f7fe (f7fd expected) flags = 0000 (0001 expected)
Error: inputs 3801 * 7801 + f801
  result = f400 (f3ff expected) flags = 0000 (0001 expected)
Error: inputs 3801 * 7801 + fbff
  result = f9fe (f9fd expected) flags = 0000 (0001 expected)
Error: inputs 3801 * 7bff + f800
  result = 4f00 (4bfe expected) flags = 0000 (0000 expected)
Error: inputs 3801 * 7bff + f801
  result = cd00 (cc01 expected) flags = 0000 (0000 expected)
Error: inputs 3bff * 3801 + b800
  result = 0f00 (0bfe expected) flags = 0000 (0000 expected)
Error: inputs 3bff * 3801 + b801
  result = 8d00 (8c01 expected) flags = 0000 (0000 expected)
Error: inputs 3bff * 3bff + bbff
  result = 9000 (8fff expected) flags = 0000 (0000 expected)
Error: inputs 3bff * 3bff + bc00
  result = 9400 (93ff expected) flags = 0000 (0001 expected)
Error: inputs 3bff * 3bff + be00
  result = b802 (b801 expected) flags = 0000 (0001 expected)
Error: inputs 3bff * 3bff + bc01
  result = 9800 (97ff expected) flags = 0000 (0001 expected)
Error: inputs 3bff * 3bff + bfff
  result = bc00 (bbff expected) flags = 0000 (0001 expected)
Error: inputs 3bff * 3bff + c000
  result = bc01 (bc00 expected) flags = 0000 (0001 expected)
Error: inputs 3bff * 3bff + c001
  result = bc03 (bc02 expected) flags = 0000 (0001 expected)
Error: inputs 3bff * 3c01 + bbff
  result = 1300 (13ff expected) flags = 0000 (0000 expected)
Error: inputs 3bff * 3c01 + bc00
  result = 1300 (0ffe expected) flags = 0000 (0000 expected)
Error: inputs 3bff * 3c01 + bc01
  result = 9100 (9001 expected) flags = 0000 (0000 expected)
Error: inputs 3bff * 3fff + bfff
  result = 9400 (93ff expected) flags = 0000 (0000 expected)
Error: inputs 3bff * 3fff + c000
  result = 9800 (97ff expected) flags = 0000 (0001 expected)
Error: inputs 3bff * 3fff + c200
  result = bc02 (bc01 expected) flags = 0000 (0001 expected)
Error: inputs 3bff * 3fff + c001
  result = 9c00 (9bff expected) flags = 0000 (0001 expected)
Error: inputs 3bff * 3fff + c3ff
  result = c000 (bfff expected) flags = 0000 (0001 expected)
Error: inputs 3bff * 4001 + bfff
  result = 1700 (17ff expected) flags = 0000 (0000 expected)
Error: inputs 3bff * 4001 + c000
  result = 1700 (13fe expected) flags = 0000 (0000 expected)
Error: inputs 3bff * 4001 + c001
  result = 9500 (9401 expected) flags = 0000 (0000 expected)
Error: inputs 3bff * 43ff + c3ff
  result = 9800 (97ff expected) flags = 0000 (0000 expected)
Error: inputs 3bff * 5001 + d000
  result = 2700 (23fe expected) flags = 0000 (0000 expected)
Error: inputs 3bff * 5001 + d001
  result = a500 (a401 expected) flags = 0000 (0000 expected)
Error: inputs 3bff * 53ff + d3ff
  result = a800 (a7ff expected) flags = 0000 (0000 expected)
Error: inputs 3bff * 7801 + f800
  result = 4f00 (4bfe expected) flags = 0000 (0000 expected)
Error: inputs 3bff * 7801 + f801
  result = cd00 (cc01 expected) flags = 0000 (0000 expected)
Error: inputs 3bff * 7bff + 8400
  result = 7bfd (7bfe expected) flags = 0001 (0001 expected)
Error: inputs 3bff * 7bff + 8600
  result = 7bfd (7bfe expected) flags = 0001 (0001 expected)
Error: inputs 3bff * 7bff + 8401
  result = 7bfd (7bfe expected) flags = 0001 (0001 expected)
Error: inputs 3bff * 7bff + 87ff
  result = 7bfd (7bfe expected) flags = 0001 (0001 expected)
Error: inputs 3bff * 7bff + fbff
  result = d000 (cfff expected) flags = 0000 (0000 expected)
     10001 tests completed with        452 errors
